#
# A fatal error has been detected by the Java Runtime Environment:
#
#  EXCEPTION_ACCESS_VIOLATION (0xc0000005) at pc=0x75b92629, pid=7492, tid=6436
#
# JRE version: Java(TM) SE Runtime Environment (7.0_45-b18) (build 1.7.0_45-b18)
# Java VM: Java HotSpot(TM) Client VM (24.45-b08 mixed mode, sharing windows-x86 )
# Problematic frame:
# C  [KERNEL32.dll+0x62629]
#
# Failed to write core dump. Minidumps are not enabled by default on client versions of Windows
#
# If you would like to submit a bug report, please visit:
#   http://bugreport.sun.com/bugreport/crash.jsp
# The crash happened outside the Java Virtual Machine in native code.
# See problematic frame for where to report the bug.
#

---------------  T H R E A D  ---------------

Current thread (0x0117bc00):  JavaThread "main" [_thread_in_native, id=6436, stack(0x01660000,0x016b0000)]

siginfo: ExceptionCode=0xc0000005, writing address 0x00000000

Registers:
EAX=0x0dccd100, EBX=0x33933b70, ECX=0x016af6a8, EDX=0x00000020
ESP=0x016af6a4, EBP=0x016af74c, ESI=0x00000000, EDI=0x00000000
EIP=0x75b92629, EFLAGS=0x00010282

Top of Stack: (sp=0x016af6a4)
0x016af6a4:   00000f9c 00000000 00000000 00000000
0x016af6b4:   00000000 00000000 0117c198 00000015
0x016af6c4:   00000100 c0000008 0000000b 00000f9c
0x016af6d4:   00000000 00000001 01170020 0dccd100
0x016af6e4:   016af718 63533974 0117c484 0117c180
0x016af6f4:   636a5c6d 00000002 0117c488 016af7a7
0x016af704:   d0cfc737 016af778 75b79b13 00000f9c
0x016af714:   016af718 00000060 63533dc5 0117c484 

Instructions: (pc=0x75b92629)
0x75b92609:   8b 45 18 6a 07 89 45 88 6a 00 8d 85 5c ff ff ff
0x75b92619:   50 e8 f0 24 ff ff 83 bd 7c ff ff ff 00 8b 45 94
0x75b92629:   89 06 5e 0f 8c 7f bc 01 00 33 c0 40 8b 4d fc 33
0x75b92639:   cd e8 39 9e fe ff c9 c2 18 00 90 90 90 90 90 8b 


Register to memory mapping:

EAX=0x0dccd100 is an unknown value
EBX=0x33933b70 is an oop
{method} 
 - klass: {other class}
ECX=0x016af6a8 is pointing into the stack for thread: 0x0117bc00
EDX=0x00000020 is an unknown value
ESP=0x016af6a4 is pointing into the stack for thread: 0x0117bc00
EBP=0x016af74c is pointing into the stack for thread: 0x0117bc00
ESI=0x00000000 is an unknown value
EDI=0x00000000 is an unknown value


Stack: [0x01660000,0x016b0000],  sp=0x016af6a4,  free space=317k
Native frames: (J=compiled Java code, j=interpreted, Vv=VM code, C=native code)
C  [KERNEL32.dll+0x62629]
C  [KERNEL32.dll+0xad73c]
C  [my_adding_jni3.dll+0x1056]
j  JNIHowToUSE.main([Ljava/lang/String;)V+9
v  ~StubRoutines::call_stub
V  [jvm.dll+0x13f1fa]
V  [jvm.dll+0x202aee]
V  [jvm.dll+0x13f27d]
V  [jvm.dll+0xc9945]
V  [jvm.dll+0xd45e7]
C  [javaw.exe+0x2070]
C  [javaw.exe+0xa5b1]
C  [javaw.exe+0xa63b]
C  [KERNEL32.dll+0x4ed5c]
C  [ntdll.dll+0x637eb]
C  [ntdll.dll+0x637be]

Java frames: (J=compiled Java code, j=interpreted, Vv=VM code)
j  JavaHowTo.cls()V+0
j  JNIHowToUSE.main([Ljava/lang/String;)V+9
v  ~StubRoutines::call_stub

---------------  P R O C E S S  ---------------

Java Threads: ( => current thread )
  0x015bcc00 JavaThread "Service Thread" daemon [_thread_blocked, id=6720, stack(0x03c70000,0x03cc0000)]
  0x015c7800 JavaThread "C1 CompilerThread0" daemon [_thread_blocked, id=5164, stack(0x03b40000,0x03b90000)]
  0x015bc400 JavaThread "Attach Listener" daemon [_thread_blocked, id=4368, stack(0x03ae0000,0x03b30000)]
  0x015bc000 JavaThread "Signal Dispatcher" daemon [_thread_blocked, id=6516, stack(0x03a20000,0x03a70000)]
  0x01552c00 JavaThread "Finalizer" daemon [_thread_blocked, id=6496, stack(0x038c0000,0x03910000)]
  0x0154dc00 JavaThread "Reference Handler" daemon [_thread_blocked, id=1072, stack(0x03a90000,0x03ae0000)]
=>0x0117bc00 JavaThread "main" [_thread_in_native, id=6436, stack(0x01660000,0x016b0000)]

Other Threads:
  0x0154c000 VMThread [stack: 0x039a0000,0x039f0000] [id=7500]
  0x015df000 WatcherThread [stack: 0x03bf0000,0x03c40000] [id=8136]

VM state:not at safepoint (normal execution)

VM Mutex/Monitor currently owned by a thread: None

Heap
 def new generation   total 4928K, used 289K [0x23910000, 0x23e60000, 0x28e60000)
  eden space 4416K,   6% used [0x23910000, 0x23958588, 0x23d60000)
  from space 512K,   0% used [0x23d60000, 0x23d60000, 0x23de0000)
  to   space 512K,   0% used [0x23de0000, 0x23de0000, 0x23e60000)
 tenured generation   total 10944K, used 0K [0x28e60000, 0x29910000, 0x33910000)
   the space 10944K,   0% used [0x28e60000, 0x28e60000, 0x28e60200, 0x29910000)
 compacting perm gen  total 12288K, used 143K [0x33910000, 0x34510000, 0x37910000)
   the space 12288K,   1% used [0x33910000, 0x33933f40, 0x33934000, 0x34510000)
    ro space 10240K,  41% used [0x37910000, 0x37d41a78, 0x37d41c00, 0x38310000)
    rw space 12288K,  52% used [0x38310000, 0x389562c0, 0x38956400, 0x38f10000)

Card table byte_map: [0x03710000,0x037c0000] byte_map_base: 0x035f3780

Polling page: 0x001b0000

Code Cache  [0x01710000, 0x017a8000, 0x03710000)
 total_blobs=137 nmethods=7 adapters=68 free_code_cache=32184Kb largest_free_block=32957312

Compilation events (10 events):
Event: 0.058 Thread 0x015c7800    3             java.lang.String::indexOf (70 bytes)
Event: 0.058 Thread 0x015c7800 nmethod 3 0x017a05c8 code [0x017a06e0, 0x017a081c]
Event: 0.060 Thread 0x015c7800    4             java.lang.String::equals (81 bytes)
Event: 0.060 Thread 0x015c7800 nmethod 4 0x017a0ac8 code [0x017a0be0, 0x017a0d80]
Event: 0.066 Thread 0x015c7800    5             java.lang.Object::<init> (1 bytes)
Event: 0.066 Thread 0x015c7800 nmethod 5 0x017a1208 code [0x017a1300, 0x017a1390]
Event: 0.066 Thread 0x015c7800    6             java.lang.AbstractStringBuilder::ensureCapacityInternal (16 bytes)
Event: 0.066 Thread 0x015c7800 nmethod 6 0x017a1408 code [0x017a1510, 0x017a15bc]
Event: 0.068 Thread 0x015c7800    7             java.lang.String::indexOf (166 bytes)
Event: 0.068 Thread 0x015c7800 nmethod 7 0x017a1648 code [0x017a1760, 0x017a1990]

GC Heap History (0 events):
No events

Deoptimization events (0 events):
No events

Internal exceptions (3 events):
Event: 0.036 Thread 0x0117bc00 Threw 0x23915dc0 at C:\re\jdk7u45\229\hotspot\src\share\vm\prims\jni.cpp:3991
Event: 0.064 Thread 0x0117bc00 Threw 0x2394dd68 at C:\re\jdk7u45\229\hotspot\src\share\vm\prims\jvm.cpp:1244
Event: 0.068 Thread 0x0117bc00 Threw 0x23951580 at C:\re\jdk7u45\229\hotspot\src\share\vm\prims\jvm.cpp:1244

Events (10 events):
Event: 0.062 loading class 0x38f43950 done
Event: 0.062 loading class 0x39009af0 done
Event: 0.063 loading class 0x3900c068
Event: 0.063 loading class 0x3900c068 done
Event: 0.063 loading class 0x38fe11a0
Event: 0.063 loading class 0x38fe11a0 done
Event: 0.063 loading class 0x38fdf9b0
Event: 0.063 loading class 0x38fdf9b0 done
Event: 0.068 loading class 0x015dd848
Event: 0.068 loading class 0x015dd848 done


Dynamic libraries:
0x00020000 - 0x0004f000 	C:\Program Files\Java\jre7\bin\javaw.exe
0x77c20000 - 0x77d5c000 	C:\Windows\SYSTEM32\ntdll.dll
0x6d180000 - 0x6d1bf000 	C:\Program Files\AVAST Software\Avast\snxhk.dll
0x75b30000 - 0x75c04000 	C:\Windows\system32\KERNEL32.dll
0x752f0000 - 0x7533b000 	C:\Windows\system32\KERNELBASE.dll
0x75660000 - 0x75700000 	C:\Windows\system32\ADVAPI32.dll
0x76b70000 - 0x76c1c000 	C:\Windows\system32\msvcrt.dll
0x77150000 - 0x77169000 	C:\Windows\SYSTEM32\sechost.dll
0x770a0000 - 0x77142000 	C:\Windows\system32\RPCRT4.dll
0x75890000 - 0x75959000 	C:\Windows\system32\USER32.dll
0x75c10000 - 0x75c5e000 	C:\Windows\system32\GDI32.dll
0x75440000 - 0x7544a000 	C:\Windows\system32\LPK.dll
0x755c0000 - 0x7565d000 	C:\Windows\system32\USP10.dll
0x73c30000 - 0x73dce000 	C:\Windows\WinSxS\x86_microsoft.windows.common-controls_6595b64144ccf1df_6.0.7601.17514_none_41e6975e2bd6f2b2\COMCTL32.dll
0x75830000 - 0x75887000 	C:\Windows\system32\SHLWAPI.dll
0x77170000 - 0x7718f000 	C:\Windows\system32\IMM32.DLL
0x754b0000 - 0x7557c000 	C:\Windows\system32\MSCTF.dll
0x5dfe0000 - 0x5e09f000 	C:\Program Files\Java\jre7\bin\msvcr100.dll
0x63410000 - 0x63790000 	C:\Program Files\Java\jre7\bin\client\jvm.dll
0x73170000 - 0x73177000 	C:\Windows\system32\WSOCK32.dll
0x75580000 - 0x755b5000 	C:\Windows\system32\WS2_32.dll
0x77240000 - 0x77246000 	C:\Windows\system32\NSI.dll
0x73100000 - 0x73132000 	C:\Windows\system32\WINMM.dll
0x77d60000 - 0x77d65000 	C:\Windows\system32\PSAPI.DLL
0x732e0000 - 0x732ec000 	C:\Program Files\Java\jre7\bin\verify.dll
0x72e10000 - 0x72e30000 	C:\Program Files\Java\jre7\bin\java.dll
0x714f0000 - 0x71503000 	C:\Program Files\Java\jre7\bin\zip.dll
0x10000000 - 0x10007000 	C:\Program Files\Java\jre7\bin\my_adding_jni3.dll
0x73300000 - 0x733eb000 	C:\Windows\system32\dbghelp.dll

VM Arguments:
jvm_args: -Dfile.encoding=UTF-8 
java_command: JNIHowToUSE
Launcher Type: SUN_STANDARD

Environment Variables:
CLASSPATH=C:\Program Files\Java\jdk1.7.0\bin;C:\Program Files\Java\jdk1.7.0\lib;C:\Program Files\Java\jdk1.7.0;.;
PATH=C:/Program Files/Java/jre7/bin/client;C:/Program Files/Java/jre7/bin;C:/Program Files/Java/jre7/lib/i386;J:\oraclexe\app\oracle\product\11.2.0\server\bin;;C:\Program Files\Common Files\Microsoft Shared\Windows Live;C:\Windows\system32;C:\Windows;C:\Windows\System32\Wbem;C:\Windows\System32\WindowsPowerShell\v1.0\;C:\Program Files\Windows Live\Shared;C:\Program Files\MySQL\MySQL Server 5.5\bin;C:\Program Files\Java\jdk1.7.0\bin;c:\ut;C:\Program Files\VDownloader;C:\Program Files\QuickTime\QTSystem\;C:\Program Files\Microsoft SQL Server\110\Tools\Binn\;C:\Program Files\Microsoft\Web Platform Installer\;C:\Program Files\Microsoft ASP.NET\ASP.NET Web Pages\v1.0\;C:\Program Files\Windows Kits\8.0\Windows Performance Toolkit\;;I:\eclipse;
USERNAME=admin
OS=Windows_NT
PROCESSOR_IDENTIFIER=x86 Family 6 Model 37 Stepping 5, GenuineIntel



---------------  S Y S T E M  ---------------

OS: Windows 7 Build 7601 Service Pack 1

CPU:total 4 (2 cores per cpu, 2 threads per core) family 6 model 37 stepping 5, cmov, cx8, fxsr, mmx, sse, sse2, sse3, ssse3, sse4.1, sse4.2, popcnt, aes, ht, tsc, tscinvbit

Memory: 4k page, physical 3619896k(1034192k free), swap 7238040k(3516872k free)

vm_info: Java HotSpot(TM) Client VM (24.45-b08) for windows-x86 JRE (1.7.0_45-b18), built on Oct  8 2013 06:02:43 by "java_re" with unknown MS VC++:1600

time: Thu Dec 12 17:29:59 2013
elapsed time: 0 seconds

